[2016-02-02 04:16:02] request.INFO: Matched route "tunisia_mall_homepage" (parameters: "_controller": "TunisiaMall\TunisiaMallBundle\Controller\DefaultController::indexAction", "_route": "tunisia_mall_homepage") [] []
[2016-02-02 04:16:02] event.DEBUG: Notified event "kernel.request" to listener "Symfony\Component\HttpKernel\EventListener\DebugHandlersListener::configure". [] []
[2016-02-02 04:16:02] event.DEBUG: Notified event "kernel.request" to listener "Symfony\Bundle\FrameworkBundle\EventListener\SessionListener::onKernelRequest". [] []
[2016-02-02 04:16:02] event.DEBUG: Notified event "kernel.request" to listener "Symfony\Component\HttpKernel\EventListener\FragmentListener::onKernelRequest". [] []
[2016-02-02 04:16:02] event.DEBUG: Notified event "kernel.request" to listener "Symfony\Component\HttpKernel\EventListener\RouterListener::onKernelRequest". [] []
[2016-02-02 04:16:02] event.DEBUG: Notified event "kernel.request" to listener "Symfony\Component\HttpKernel\EventListener\LocaleListener::onKernelRequest". [] []
[2016-02-02 04:16:02] event.DEBUG: Notified event "kernel.request" to listener "Symfony\Component\HttpKernel\EventListener\TranslatorListener::onKernelRequest". [] []
[2016-02-02 04:16:02] event.DEBUG: Notified event "kernel.request" to listener "Symfony\Component\Security\Http\Firewall::onKernelRequest". [] []
[2016-02-02 04:16:02] event.DEBUG: Notified event "kernel.controller" to listener "Sensio\Bundle\FrameworkExtraBundle\EventListener\ControllerListener::onKernelController". [] []
[2016-02-02 04:16:02] event.DEBUG: Notified event "kernel.controller" to listener "Sensio\Bundle\FrameworkExtraBundle\EventListener\ParamConverterListener::onKernelController". [] []
[2016-02-02 04:16:02] event.DEBUG: Notified event "kernel.controller" to listener "Sensio\Bundle\FrameworkExtraBundle\EventListener\HttpCacheListener::onKernelController". [] []
[2016-02-02 04:16:02] event.DEBUG: Notified event "kernel.controller" to listener "Sensio\Bundle\FrameworkExtraBundle\EventListener\SecurityListener::onKernelController". [] []
[2016-02-02 04:16:02] event.DEBUG: Notified event "kernel.controller" to listener "Sensio\Bundle\FrameworkExtraBundle\EventListener\TemplateListener::onKernelController". [] []
[2016-02-02 04:16:02] security.NOTICE: It is recommended that you enable the "openssl" extension for random number generation. [] []
[2016-02-02 04:16:02] request.CRITICAL: Uncaught PHP Exception InvalidArgumentException: "Unable to find template "TunisiaMallBundle::layout.html.twig" in "TunisiaMallBundle:Default:index.html.twig" at line 1." at C:\wamp\www\TunisiaMall\vendor\symfony\symfony\src\Symfony\Bridge\Twig\TwigEngine.php line 128 {"exception":"[object] (InvalidArgumentException(code: 0): Unable to find template \"TunisiaMallBundle::layout.html.twig\" in \"TunisiaMallBundle:Default:index.html.twig\" at line 1. at C:\\wamp\\www\\TunisiaMall\\vendor\\symfony\\symfony\\src\\Symfony\\Bridge\\Twig\\TwigEngine.php:128, Twig_Error_Loader(code: 0): Unable to find template \"TunisiaMallBundle::layout.html.twig\" in \"TunisiaMallBundle:Default:index.html.twig\" at line 1. at C:\\wamp\\www\\TunisiaMall\\vendor\\symfony\\symfony\\src\\Symfony\\Bundle\\TwigBundle\\Loader\\FilesystemLoader.php:91, InvalidArgumentException(code: 0): Unable to find template \"TunisiaMallBundle::layout.html.twig\" : \"Unable to find file \"@TunisiaMallBundle/Resources/views/layout.html.twig\".\". at C:\\wamp\\www\\TunisiaMall\\app\\cache\\prod\\classes.php:813, InvalidArgumentException(code: 0): Unable to find file \"@TunisiaMallBundle/Resources/views/layout.html.twig\". at C:\\wamp\\www\\TunisiaMall\\app\\bootstrap.php.cache:2449)"} []
[2016-02-02 04:16:02] event.DEBUG: Notified event "kernel.request" to listener "Symfony\Component\HttpKernel\EventListener\DebugHandlersListener::configure". [] []
[2016-02-02 04:16:02] event.DEBUG: Notified event "kernel.request" to listener "Symfony\Bundle\FrameworkBundle\EventListener\SessionListener::onKernelRequest". [] []
[2016-02-02 04:16:02] event.DEBUG: Notified event "kernel.request" to listener "Symfony\Component\HttpKernel\EventListener\FragmentListener::onKernelRequest". [] []
[2016-02-02 04:16:02] event.DEBUG: Notified event "kernel.request" to listener "Symfony\Component\HttpKernel\EventListener\RouterListener::onKernelRequest". [] []
[2016-02-02 04:16:02] event.DEBUG: Notified event "kernel.request" to listener "Symfony\Component\HttpKernel\EventListener\LocaleListener::onKernelRequest". [] []
[2016-02-02 04:16:02] event.DEBUG: Notified event "kernel.request" to listener "Symfony\Component\HttpKernel\EventListener\TranslatorListener::onKernelRequest". [] []
[2016-02-02 04:16:02] event.DEBUG: Notified event "kernel.request" to listener "Symfony\Component\Security\Http\Firewall::onKernelRequest". [] []
[2016-02-02 04:16:02] event.DEBUG: Notified event "kernel.controller" to listener "Sensio\Bundle\FrameworkExtraBundle\EventListener\ControllerListener::onKernelController". [] []
[2016-02-02 04:16:02] event.DEBUG: Notified event "kernel.controller" to listener "Sensio\Bundle\FrameworkExtraBundle\EventListener\ParamConverterListener::onKernelController". [] []
[2016-02-02 04:16:02] event.DEBUG: Notified event "kernel.controller" to listener "Sensio\Bundle\FrameworkExtraBundle\EventListener\HttpCacheListener::onKernelController". [] []
[2016-02-02 04:16:02] event.DEBUG: Notified event "kernel.controller" to listener "Sensio\Bundle\FrameworkExtraBundle\EventListener\SecurityListener::onKernelController". [] []
[2016-02-02 04:16:02] event.DEBUG: Notified event "kernel.controller" to listener "Sensio\Bundle\FrameworkExtraBundle\EventListener\TemplateListener::onKernelController". [] []
[2016-02-02 04:16:04] event.DEBUG: Notified event "kernel.response" to listener "Symfony\Component\HttpKernel\EventListener\ResponseListener::onKernelResponse". [] []
[2016-02-02 04:16:04] event.DEBUG: Notified event "kernel.response" to listener "Symfony\Component\Security\Http\RememberMe\ResponseListener::onKernelResponse". [] []
[2016-02-02 04:16:04] event.DEBUG: Notified event "kernel.response" to listener "Sensio\Bundle\FrameworkExtraBundle\EventListener\HttpCacheListener::onKernelResponse". [] []
[2016-02-02 04:16:04] event.DEBUG: Notified event "kernel.response" to listener "Symfony\Component\HttpKernel\EventListener\SaveSessionListener::onKernelResponse". [] []
[2016-02-02 04:16:04] event.DEBUG: Notified event "kernel.response" to listener "Symfony\Component\HttpKernel\EventListener\StreamedResponseListener::onKernelResponse". [] []
[2016-02-02 04:16:04] event.DEBUG: Notified event "kernel.finish_request" to listener "Symfony\Component\HttpKernel\EventListener\LocaleListener::onKernelFinishRequest". [] []
[2016-02-02 04:16:04] event.DEBUG: Notified event "kernel.finish_request" to listener "Symfony\Component\HttpKernel\EventListener\TranslatorListener::onKernelFinishRequest". [] []
[2016-02-02 04:16:04] event.DEBUG: Notified event "kernel.finish_request" to listener "Symfony\Component\HttpKernel\EventListener\RouterListener::onKernelFinishRequest". [] []
[2016-02-02 04:16:04] event.DEBUG: Notified event "kernel.finish_request" to listener "Symfony\Component\Security\Http\Firewall::onKernelFinishRequest". [] []
[2016-02-02 04:16:04] event.DEBUG: Notified event "kernel.exception" to listener "Symfony\Component\HttpKernel\EventListener\ExceptionListener::onKernelException". [] []
[2016-02-02 04:16:04] event.DEBUG: Listener "Symfony\Component\HttpKernel\EventListener\ExceptionListener::onKernelException" stopped propagation of the event "kernel.exception". [] []
[2016-02-02 04:16:04] event.DEBUG: Notified event "kernel.response" to listener "Symfony\Component\HttpKernel\EventListener\ResponseListener::onKernelResponse". [] []
[2016-02-02 04:16:04] event.DEBUG: Notified event "kernel.response" to listener "Symfony\Component\Security\Http\RememberMe\ResponseListener::onKernelResponse". [] []
[2016-02-02 04:16:04] event.DEBUG: Notified event "kernel.response" to listener "Sensio\Bundle\FrameworkExtraBundle\EventListener\HttpCacheListener::onKernelResponse". [] []
[2016-02-02 04:16:04] event.DEBUG: Notified event "kernel.response" to listener "Symfony\Component\HttpKernel\EventListener\SaveSessionListener::onKernelResponse". [] []
[2016-02-02 04:16:04] event.DEBUG: Notified event "kernel.response" to listener "Symfony\Component\HttpKernel\EventListener\StreamedResponseListener::onKernelResponse". [] []
[2016-02-02 04:16:04] event.DEBUG: Notified event "kernel.finish_request" to listener "Symfony\Component\HttpKernel\EventListener\LocaleListener::onKernelFinishRequest". [] []
[2016-02-02 04:16:04] event.DEBUG: Notified event "kernel.finish_request" to listener "Symfony\Component\HttpKernel\EventListener\TranslatorListener::onKernelFinishRequest". [] []
[2016-02-02 04:16:04] event.DEBUG: Notified event "kernel.finish_request" to listener "Symfony\Component\HttpKernel\EventListener\RouterListener::onKernelFinishRequest". [] []
[2016-02-02 04:16:04] event.DEBUG: Notified event "kernel.finish_request" to listener "Symfony\Component\Security\Http\Firewall::onKernelFinishRequest". [] []
[2016-02-02 04:16:04] event.DEBUG: Notified event "kernel.terminate" to listener "Symfony\Bundle\SwiftmailerBundle\EventListener\EmailSenderListener::onTerminate". [] []
